<?xml version="1.0" encoding="UTF-8"?>
<!-- Generated by org.testng.reporters.JUnitXMLReporter -->
<testsuite ignored="0" hostname="pc-149.home" failures="0" tests="5" name="Default test" time="62.746" errors="0" timestamp="2023-04-13T07:05:25 EET">
  <testcase classname="AlmosaferTestCode" name="check24ContactNumber" time="0.246"/>
  <testcase classname="AlmosaferTestCode" name="checkIfHotalTabDefault" time="0.039"/>
  <testcase classname="AlmosaferTestCode" name="checkTheWebsiteDefaultCurrency" time="0.118"/>
  <testcase classname="AlmosaferTestCode" name="checkTheWebsiteDefaultLanguage" time="0.05"/>
  <testcase classname="AlmosaferTestCode" name="checkWhatsApplNumber" time="0.022"/>
</testsuite> <!-- Default test -->
