<?xml version="1.0" encoding="UTF-8"?>
<testng-results ignored="0" total="5" passed="5" failed="0" skipped="0">
  <reporter-output>
  </reporter-output>
  <suite started-at="2023-04-13T07:04:22 EET" name="Default suite" finished-at="2023-04-13T07:05:25 EET" duration-ms="62746">
    <groups>
    </groups>
    <test started-at="2023-04-13T07:04:22 EET" name="Default test" finished-at="2023-04-13T07:05:25 EET" duration-ms="62746">
      <class name="AlmosaferTestCode">
        <test-method is-config="true" signature="BegoreTest()[pri:0, instance:AlmosaferTestCode@1a35993f]" started-at="2023-04-13T07:04:22 EET" name="BegoreTest" finished-at="2023-04-13T07:05:25 EET" duration-ms="62223" status="PASS">
          <reporter-output>
          </reporter-output>
        </test-method> <!-- BegoreTest -->
        <test-method signature="check24ContactNumber()[pri:0, instance:AlmosaferTestCode@1a35993f]" started-at="2023-04-13T07:05:25 EET" name="check24ContactNumber" finished-at="2023-04-13T07:05:25 EET" duration-ms="246" status="PASS">
          <reporter-output>
          </reporter-output>
        </test-method> <!-- check24ContactNumber -->
        <test-method signature="checkIfHotalTabDefault()[pri:0, instance:AlmosaferTestCode@1a35993f]" started-at="2023-04-13T07:05:25 EET" name="checkIfHotalTabDefault" finished-at="2023-04-13T07:05:25 EET" duration-ms="39" status="PASS">
          <reporter-output>
          </reporter-output>
        </test-method> <!-- checkIfHotalTabDefault -->
        <test-method signature="checkTheWebsiteDefaultCurrency()[pri:0, instance:AlmosaferTestCode@1a35993f]" started-at="2023-04-13T07:05:25 EET" name="checkTheWebsiteDefaultCurrency" finished-at="2023-04-13T07:05:25 EET" duration-ms="118" status="PASS">
          <reporter-output>
          </reporter-output>
        </test-method> <!-- checkTheWebsiteDefaultCurrency -->
        <test-method signature="checkTheWebsiteDefaultLanguage()[pri:0, instance:AlmosaferTestCode@1a35993f]" started-at="2023-04-13T07:05:25 EET" name="checkTheWebsiteDefaultLanguage" finished-at="2023-04-13T07:05:25 EET" duration-ms="50" status="PASS">
          <reporter-output>
          </reporter-output>
        </test-method> <!-- checkTheWebsiteDefaultLanguage -->
        <test-method signature="checkWhatsApplNumber()[pri:0, instance:AlmosaferTestCode@1a35993f]" started-at="2023-04-13T07:05:25 EET" name="checkWhatsApplNumber" finished-at="2023-04-13T07:05:25 EET" duration-ms="22" status="PASS">
          <reporter-output>
          </reporter-output>
        </test-method> <!-- checkWhatsApplNumber -->
        <test-method is-config="true" signature="AfterTest()[pri:0, instance:AlmosaferTestCode@1a35993f]" started-at="2023-04-13T07:05:25 EET" name="AfterTest" finished-at="2023-04-13T07:05:25 EET" duration-ms="1" status="PASS">
          <reporter-output>
          </reporter-output>
        </test-method> <!-- AfterTest -->
      </class> <!-- AlmosaferTestCode -->
    </test> <!-- Default test -->
  </suite> <!-- Default suite -->
</testng-results>
